<?xml version="1.0" encoding="UTF-8"?>
<testsuite name="gg.web.IndexControllerTest" tests="1" skipped="0" failures="0" errors="0" timestamp="2021-11-23T06:43:07" hostname="DESKTOP-L3I0D5M" time="0.206">
  <properties/>
  <testcase name="메인페이지_로딩" classname="gg.web.IndexControllerTest" time="0.206"/>
  <system-out><![CDATA[2021-11-23 15:43:04.694  INFO 1352 --- [    Test worker] .b.t.c.SpringBootTestContextBootstrapper : Neither @ContextConfiguration nor @ContextHierarchy found for test class [gg.web.IndexControllerTest], using SpringBootContextLoader
2021-11-23 15:43:04.695  INFO 1352 --- [    Test worker] o.s.t.c.support.AbstractContextLoader    : Could not detect default resource locations for test class [gg.web.IndexControllerTest]: no resource found for suffixes {-context.xml, Context.groovy}.
2021-11-23 15:43:04.695  INFO 1352 --- [    Test worker] t.c.s.AnnotationConfigContextLoaderUtils : Could not detect default configuration classes for test class [gg.web.IndexControllerTest]: IndexControllerTest does not declare any static, non-private, non-final, nested classes annotated with @Configuration.
2021-11-23 15:43:04.697  INFO 1352 --- [    Test worker] .b.t.c.SpringBootTestContextBootstrapper : Found @SpringBootConfiguration gg.Application for test class gg.web.IndexControllerTest
2021-11-23 15:43:04.698  INFO 1352 --- [    Test worker] .b.t.c.SpringBootTestContextBootstrapper : Loaded default TestExecutionListener class names from location [META-INF/spring.factories]: [org.springframework.security.test.context.support.WithSecurityContextTestExecutionListener, org.springframework.security.test.context.support.ReactorContextTestExecutionListener, org.springframework.boot.test.autoconfigure.restdocs.RestDocsTestExecutionListener, org.springframework.boot.test.autoconfigure.web.client.MockRestServiceServerResetTestExecutionListener, org.springframework.boot.test.autoconfigure.web.servlet.MockMvcPrintOnlyOnFailureTestExecutionListener, org.springframework.boot.test.autoconfigure.web.servlet.WebDriverTestExecutionListener, org.springframework.boot.test.mock.mockito.MockitoTestExecutionListener, org.springframework.boot.test.mock.mockito.ResetMocksTestExecutionListener, org.springframework.test.context.web.ServletTestExecutionListener, org.springframework.test.context.support.DirtiesContextBeforeModesTestExecutionListener, org.springframework.test.context.support.DependencyInjectionTestExecutionListener, org.springframework.test.context.support.DirtiesContextTestExecutionListener, org.springframework.test.context.transaction.TransactionalTestExecutionListener, org.springframework.test.context.jdbc.SqlScriptsTestExecutionListener]
2021-11-23 15:43:04.699  INFO 1352 --- [    Test worker] .b.t.c.SpringBootTestContextBootstrapper : Using TestExecutionListeners: [org.springframework.test.context.web.ServletTestExecutionListener@237a787c, org.springframework.test.context.support.DirtiesContextBeforeModesTestExecutionListener@73bb5662, org.springframework.boot.test.mock.mockito.MockitoTestExecutionListener@73f16f9a, org.springframework.boot.test.autoconfigure.SpringBootDependencyInjectionTestExecutionListener@49449a4e, org.springframework.test.context.support.DirtiesContextTestExecutionListener@390da282, org.springframework.test.context.transaction.TransactionalTestExecutionListener@102ceb87, org.springframework.test.context.jdbc.SqlScriptsTestExecutionListener@68d9dba7, org.springframework.security.test.context.support.WithSecurityContextTestExecutionListener@5a2aa18, org.springframework.security.test.context.support.ReactorContextTestExecutionListener@51ef119c, org.springframework.boot.test.autoconfigure.restdocs.RestDocsTestExecutionListener@26e8a8f5, org.springframework.boot.test.autoconfigure.web.client.MockRestServiceServerResetTestExecutionListener@4a5b6c, org.springframework.boot.test.autoconfigure.web.servlet.MockMvcPrintOnlyOnFailureTestExecutionListener@1028c317, org.springframework.boot.test.autoconfigure.web.servlet.WebDriverTestExecutionListener@39e2437f, org.springframework.boot.test.mock.mockito.ResetMocksTestExecutionListener@5aaeebb6]

  .   ____          _            __ _ _
 /\\ / ___'_ __ _ _(_)_ __  __ _ \ \ \ \
( ( )\___ | '_ | '_| | '_ \/ _` | \ \ \ \
 \\/  ___)| |_)| | | | | || (_| |  ) ) ) )
  '  |____| .__|_| |_|_| |_\__, | / / / /
 =========|_|==============|___/=/_/_/_/
 :: Spring Boot ::        (v2.1.7.RELEASE)

2021-11-23 15:43:04.734  INFO 1352 --- [    Test worker] gg.web.IndexControllerTest               : Starting IndexControllerTest on DESKTOP-L3I0D5M with PID 1352 (started by hoyeonsoft in C:\Users\hoyeonsoft\IdeaProjects\spring-project)
2021-11-23 15:43:04.735  INFO 1352 --- [    Test worker] gg.web.IndexControllerTest               : No active profile set, falling back to default profiles: default
2021-11-23 15:43:04.967  INFO 1352 --- [    Test worker] .s.d.r.c.RepositoryConfigurationDelegate : Bootstrapping Spring Data repositories in DEFAULT mode.
2021-11-23 15:43:04.995  INFO 1352 --- [    Test worker] .s.d.r.c.RepositoryConfigurationDelegate : Finished Spring Data repository scanning in 28ms. Found 2 repository interfaces.
2021-11-23 15:43:05.098  INFO 1352 --- [    Test worker] trationDelegate$BeanPostProcessorChecker : Bean 'org.springframework.transaction.annotation.ProxyTransactionManagementConfiguration' of type [org.springframework.transaction.annotation.ProxyTransactionManagementConfiguration$$EnhancerBySpringCGLIB$$f44930a1] is not eligible for getting processed by all BeanPostProcessors (for example: not eligible for auto-proxying)
2021-11-23 15:43:05.388  INFO 1352 --- [    Test worker] o.s.b.w.embedded.tomcat.TomcatWebServer  : Tomcat initialized with port(s): 0 (http)
2021-11-23 15:43:05.424  INFO 1352 --- [    Test worker] o.apache.catalina.core.StandardService   : Starting service [Tomcat]
2021-11-23 15:43:05.424  INFO 1352 --- [    Test worker] org.apache.catalina.core.StandardEngine  : Starting Servlet engine: [Apache Tomcat/9.0.22]
2021-11-23 15:43:05.597  INFO 1352 --- [    Test worker] o.a.c.c.C.[Tomcat].[localhost].[/]       : Initializing Spring embedded WebApplicationContext
2021-11-23 15:43:05.597  INFO 1352 --- [    Test worker] o.s.web.context.ContextLoader            : Root WebApplicationContext: initialization completed in 859 ms
2021-11-23 15:43:05.830  INFO 1352 --- [    Test worker] com.zaxxer.hikari.HikariDataSource       : HikariPool-2 - Starting...
2021-11-23 15:43:05.831  INFO 1352 --- [    Test worker] com.zaxxer.hikari.HikariDataSource       : HikariPool-2 - Start completed.
2021-11-23 15:43:05.882  INFO 1352 --- [    Test worker] o.hibernate.jpa.internal.util.LogHelper  : HHH000204: Processing PersistenceUnitInfo [
	name: default
	...]
2021-11-23 15:43:05.894  INFO 1352 --- [    Test worker] org.hibernate.dialect.Dialect            : HHH000400: Using dialect: org.hibernate.dialect.MySQL5InnoDBDialect
Hibernate: drop table if exists posts
Hibernate: drop table if exists user
Hibernate: create table posts (id bigint not null auto_increment, created_date datetime, modified_date datetime, author varchar(255), content TEXT not null, title varchar(500) not null, primary key (id)) engine=InnoDB
Hibernate: create table user (id bigint not null auto_increment, created_date datetime, modified_date datetime, email varchar(255) not null, name varchar(255) not null, picture varchar(255), role varchar(255) not null, primary key (id)) engine=InnoDB
2021-11-23 15:43:05.956  INFO 1352 --- [    Test worker] o.h.t.schema.internal.SchemaCreatorImpl  : HHH000476: Executing import script 'org.hibernate.tool.schema.internal.exec.ScriptSourceInputNonExistentImpl@173eacab'
2021-11-23 15:43:05.956  INFO 1352 --- [    Test worker] j.LocalContainerEntityManagerFactoryBean : Initialized JPA EntityManagerFactory for persistence unit 'default'
2021-11-23 15:43:06.343  INFO 1352 --- [    Test worker] o.h.h.i.QueryTranslatorFactoryInitiator  : HHH000397: Using ASTQueryTranslatorFactory
2021-11-23 15:43:06.531  INFO 1352 --- [    Test worker] o.s.s.web.DefaultSecurityFilterChain     : Creating filter chain: any request, [org.springframework.security.web.context.request.async.WebAsyncManagerIntegrationFilter@12fa40fb, org.springframework.security.web.context.SecurityContextPersistenceFilter@765ceca5, org.springframework.security.web.header.HeaderWriterFilter@757a9258, org.springframework.security.web.authentication.logout.LogoutFilter@474f7887, org.springframework.security.oauth2.client.web.OAuth2AuthorizationRequestRedirectFilter@1e120484, org.springframework.security.oauth2.client.web.OAuth2LoginAuthenticationFilter@32205d59, org.springframework.security.web.authentication.ui.DefaultLoginPageGeneratingFilter@56679f2a, org.springframework.security.web.authentication.ui.DefaultLogoutPageGeneratingFilter@25237ecb, org.springframework.security.web.savedrequest.RequestCacheAwareFilter@4d067814, org.springframework.security.web.servletapi.SecurityContextHolderAwareRequestFilter@6ccfdbbe, org.springframework.security.web.authentication.AnonymousAuthenticationFilter@2b9b68cf, org.springframework.security.web.session.SessionManagementFilter@5d4cfbc6, org.springframework.security.web.access.ExceptionTranslationFilter@507d6391, org.springframework.security.web.access.intercept.FilterSecurityInterceptor@4e3f2a2d]
2021-11-23 15:43:06.752  INFO 1352 --- [    Test worker] o.s.s.concurrent.ThreadPoolTaskExecutor  : Initializing ExecutorService 'applicationTaskExecutor'
2021-11-23 15:43:06.768  WARN 1352 --- [    Test worker] aWebConfiguration$JpaWebMvcConfiguration : spring.jpa.open-in-view is enabled by default. Therefore, database queries may be performed during view rendering. Explicitly configure spring.jpa.open-in-view to disable this warning
2021-11-23 15:43:06.805  INFO 1352 --- [    Test worker] o.s.b.a.w.s.WelcomePageHandlerMapping    : Adding welcome page template: index
2021-11-23 15:43:07.139  INFO 1352 --- [    Test worker] s.a.ScheduledAnnotationBeanPostProcessor : No TaskScheduler/ScheduledExecutorService bean found for scheduled processing
2021-11-23 15:43:07.159  INFO 1352 --- [    Test worker] o.s.b.w.embedded.tomcat.TomcatWebServer  : Tomcat started on port(s): 59845 (http) with context path ''
2021-11-23 15:43:07.160  INFO 1352 --- [    Test worker] gg.web.IndexControllerTest               : Started IndexControllerTest in 2.46 seconds (JVM running for 12.912)
2021-11-23 15:43:07.259  INFO 1352 --- [o-auto-1-exec-1] o.a.c.c.C.[Tomcat].[localhost].[/]       : Initializing Spring DispatcherServlet 'dispatcherServlet'
2021-11-23 15:43:07.259  INFO 1352 --- [o-auto-1-exec-1] o.s.web.servlet.DispatcherServlet        : Initializing Servlet 'dispatcherServlet'
2021-11-23 15:43:07.286  INFO 1352 --- [o-auto-1-exec-1] o.s.web.servlet.DispatcherServlet        : Completed initialization in 27 ms
Hibernate: select posts0_.id as id1_0_, posts0_.created_date as created_2_0_, posts0_.modified_date as modified3_0_, posts0_.author as author4_0_, posts0_.content as content5_0_, posts0_.title as title6_0_ from posts posts0_ order by posts0_.id DESC
]]></system-out>
  <system-err><![CDATA[]]></system-err>
</testsuite>
